2025-08-19 19:06:43 INFO [electron]   "init store"
2025-08-19 19:06:43 INFO [electron]   "init request"
2025-08-19 19:06:43 INFO [electron]   "init i18n"
2025-08-19 19:06:43 INFO [electron]   {"updater":{"downloadUrl":"https://appest-public.s3.amazonaws.com/download/linux/","delay":2000,"interval":600000},"apk_version":"6.0.40","product_mode":true,"package_mode":false,"is_cn_site":false,"cdn_domain":"d107mjio2rjf74.cloudfront.net/web","site_domain":"ticktick.com","ex_api_domain":"ext.ticktick.com","api_domain":"api.ticktick.com","cookie_domain":".ticktick.com","protocol":"https://","help_domain":"help.ticktick.com","support_api_domain":"ticket.ticktick.com","deploy_path":"/task/src/main/webapp/static/deploy","version":"6040"}
2025-08-19 19:06:43 INFO [electron]   "timezone Europe/Kiev"
2025-08-19 19:06:43 INFO [electron]   "date -180"
2025-08-19 19:06:43 INFO [electron]   {"platform":"electron","os":"linux","device":"Linux arm64","name":"byteme6-macbookair","version":"6040","id":"68a4a1138ad14805826c9713","channel":"website","campaign":"","websocket":""}
2025-08-19 19:06:43 INFO [electron]   "init main window"
2025-08-19 19:06:44 INFO [electron]   "init"
2025-08-19 19:06:44 INFO [electron]   "init menu"
2025-08-19 19:06:44 INFO [electron]   "init update service"
2025-08-19 19:06:44 INFO [electron]   "init notification"
2025-08-19 19:06:44 INFO [electron]   "init tray"
2025-08-19 19:06:44 INFO [electron]   "fetch get begin https://api.ticktick.com/api/v2/user/profile"
2025-08-19 19:06:44 INFO [electron]   "token undefined"
2025-08-19 19:06:44 INFO [electron]   "token undefined"
2025-08-19 19:06:44 INFO [electron]   "launchLogin login"
2025-08-19 19:06:44 INFO [electron]   "loginWindow, dom-ready"
2025-08-19 19:06:44 INFO [electron]   {"id":"68a4a1138ad14805826c9713","platform":"electron","ver":"6040","channel":"website","os":"linux","osv":"","device":"Linux arm64","name":"byteme6-macbookair","campaign":"","websocket":"","ctime":"2025-08-19T16:06:43.000+0000","atime":"2025-08-19T16:06:43.000+0000","userCode":"","hl":"ru","tz":"Europe/Kiev","locale":"ru"}
2025-08-19 19:06:44 INFO [electron]   "fetch post begin https://xapi.ticktick.com/datacollect/event/push"
2025-08-19 19:06:44 INFO [electron]   "token undefined"
2025-08-19 19:06:44 INFO [electron]   "get end https://api.ticktick.com/api/v2/user/profile"
2025-08-19 19:06:45 INFO [electron]   "post end https://xapi.ticktick.com/datacollect/event/push"
2025-08-19 19:06:51 INFO [electron]   "init store"
2025-08-19 19:06:51 INFO [electron]   "init request"
2025-08-19 19:06:51 INFO [electron]   "init i18n"
2025-08-19 19:06:51 INFO [electron]   {"updater":{"downloadUrl":"https://appest-public.s3.amazonaws.com/download/linux/","delay":2000,"interval":600000},"apk_version":"6.0.40","product_mode":true,"package_mode":false,"is_cn_site":false,"cdn_domain":"d107mjio2rjf74.cloudfront.net/web","site_domain":"ticktick.com","ex_api_domain":"ext.ticktick.com","api_domain":"api.ticktick.com","cookie_domain":".ticktick.com","protocol":"https://","help_domain":"help.ticktick.com","support_api_domain":"ticket.ticktick.com","deploy_path":"/task/src/main/webapp/static/deploy","version":"6040"}
2025-08-19 19:06:51 INFO [electron]   "timezone Europe/Kiev"
2025-08-19 19:06:51 INFO [electron]   "date -180"
2025-08-19 19:06:51 INFO [electron]   {"platform":"electron","os":"linux","device":"Linux arm64","name":"byteme6-macbookair","version":"6040","id":"68a4a1138ad14805826c9713","channel":"website","campaign":"","websocket":""}
2025-08-19 19:06:52 INFO [electron]   "init main window"
2025-08-19 19:06:52 INFO [electron]   "init"
2025-08-19 19:06:52 INFO [electron]   "init menu"
2025-08-19 19:06:52 INFO [electron]   "init update service"
2025-08-19 19:06:52 INFO [electron]   "init notification"
2025-08-19 19:06:52 INFO [electron]   "init tray"
2025-08-19 19:06:52 INFO [electron]   "fetch get begin https://api.ticktick.com/api/v2/user/profile"
2025-08-19 19:06:52 INFO [electron]   "token undefined"
2025-08-19 19:06:52 INFO [electron]   "token undefined"
2025-08-19 19:06:52 INFO [electron]   "launchLogin login"
2025-08-19 19:06:52 INFO [electron]   "loginWindow, dom-ready"
2025-08-19 19:06:52 INFO [electron]   {"id":"68a4a1138ad14805826c9713","platform":"electron","ver":"6040","channel":"website","os":"linux","osv":"","device":"Linux arm64","name":"byteme6-macbookair","campaign":"","websocket":"","ctime":"2025-08-19T16:06:51.000+0000","atime":"2025-08-19T16:06:51.000+0000","userCode":"","hl":"ru","tz":"Europe/Kiev","locale":"ru"}
2025-08-19 19:06:52 INFO [electron]   "fetch post begin https://xapi.ticktick.com/datacollect/event/push"
2025-08-19 19:06:52 INFO [electron]   "token undefined"
2025-08-19 19:06:52 INFO [electron]   "get end https://api.ticktick.com/api/v2/user/profile"
2025-08-19 19:06:53 INFO [electron]   "post end https://xapi.ticktick.com/datacollect/event/push"
2025-08-19 19:06:56 INFO [electron]   "login will-navigate https://accounts.google.com/o/oauth2/auth?scope=https://www.googleapis.com/auth/userinfo.profile+https://www.googleapis.com/auth/userinfo.email&redirect_uri=https://ticktick.com/sign/google&state=Lw==&response_type=token&client_id=366263775281.apps.googleusercontent.com"
2025-08-19 19:06:57 INFO [electron]   "new-window-will-redirect https://accounts.google.com/v3/signin/identifier?opparams=%253F&dsh=S1679967092%3A1755619617070192&client_id=366263775281.apps.googleusercontent.com&o2v=1&redirect_uri=https%3A%2F%2Fticktick.com%2Fsign%2Fgoogle&response_type=token&scope=https%3A%2F%2Fwww.googleapis.com%2Fauth%2Fuserinfo.profile+https%3A%2F%2Fwww.googleapis.com%2Fauth%2Fuserinfo.email&service=lso&state=Lw%3D%3D&flowName=GeneralOAuthLite&continue=https%3A%2F%2Faccounts.google.com%2Fsignin%2Foauth%2Flegacy%2Fconsent%3Fauthuser%3Dunknown%26part%3DAJi8hAMhocidB1c0cItKD6KT8KC_9neEqlD3sNXQB85FG8ZpTahBcAxioZZ65fC7zQ56XUiXY9TZhJBDRZu4XnQUKAVm68KzF3IAal2VddHPbAgruErtF0RqobuIhKW7MbDaVt2ewNnWXGdeEArCBnx271oSMG9fg9cEmiXf9galjFzEkrOmORGbFjS8NndPnphmWpMaVl3JafZP196s8jcHzv0l6FizjUS4X4W6ExPm6Fen1JCv5T6b7_00zEgo0OdF8Ht7Oe284kTCIK-STVyB2YaBnQXPmQdv6CvPkoYLZA4iy6ghFg4aNCNADwsyjvqZhrXRRxmK1LaqH8Lgt-Ds6jL-Gr498L8B2ty-dYrfrf67NRu9DZP64zi8j06n2UzpYKFu2_U4CGX40cEDiIk0yXl5vqCbwCG60wEMmefBU9tUASnXNsE%26flowName%3DGeneralOAuthFlow%26as%3DS1679967092%253A1755619617070192%26client_id%3D366263775281.apps.googleusercontent.com%23&app_domain=https%3A%2F%2Fticktick.com&rart=ANgoxce1mQ7E-sqh5nlGb9LUnSYmAxCvgMQZJZYjkbmhQobIO6I2REcC4MFpzDmg_-augyEX0KD4D_o5pABM2Wnebju8UJnQbAwHGgooy6KqI-q-gffw1ro"
2025-08-19 19:07:11 INFO [electron]   "new-window-will-navigate https://accounts.google.com/v3/signin/identifier?app_domain=https://ticktick.com&client_id=366263775281.apps.googleusercontent.com&continue=https://accounts.google.com/signin/oauth/legacy/consent?authuser%3Dunknown%26part%3DAJi8hAMhocidB1c0cItKD6KT8KC_9neEqlD3sNXQB85FG8ZpTahBcAxioZZ65fC7zQ56XUiXY9TZhJBDRZu4XnQUKAVm68KzF3IAal2VddHPbAgruErtF0RqobuIhKW7MbDaVt2ewNnWXGdeEArCBnx271oSMG9fg9cEmiXf9galjFzEkrOmORGbFjS8NndPnphmWpMaVl3JafZP196s8jcHzv0l6FizjUS4X4W6ExPm6Fen1JCv5T6b7_00zEgo0OdF8Ht7Oe284kTCIK-STVyB2YaBnQXPmQdv6CvPkoYLZA4iy6ghFg4aNCNADwsyjvqZhrXRRxmK1LaqH8Lgt-Ds6jL-Gr498L8B2ty-dYrfrf67NRu9DZP64zi8j06n2UzpYKFu2_U4CGX40cEDiIk0yXl5vqCbwCG60wEMmefBU9tUASnXNsE%26flowName%3DGeneralOAuthFlow%26as%3DS1679967092%253A1755619617070192%26client_id%3D366263775281.apps.googleusercontent.com%23&dsh=S1679967092:1755619617070192&flowName=GeneralOAuthLite&o2v=1&opparams=%253F&rart=ANgoxce1mQ7E-sqh5nlGb9LUnSYmAxCvgMQZJZYjkbmhQobIO6I2REcC4MFpzDmg_-augyEX0KD4D_o5pABM2Wnebju8UJnQbAwHGgooy6KqI-q-gffw1ro&redirect_uri=https://ticktick.com/sign/google&response_type=token&scope=https://www.googleapis.com/auth/userinfo.profile+https://www.googleapis.com/auth/userinfo.email&service=lso&state=Lw%3D%3D"
2025-08-19 19:07:11 INFO [electron]   "new-window-will-redirect https://accounts.google.com/v3/signin/challenge/pwd?TL=ALgCv6xW2Q95lKxAk7s0JOewcIC-Vl2pVn19exgm90x2oFTgpAmB05GMGu7574a0&app_domain=https://ticktick.com&checkConnection=youtube:178&checkedDomains=youtube&cid=2&client_id=366263775281.apps.googleusercontent.com&continue=https://accounts.google.com/signin/oauth/legacy/consent?authuser%3Dunknown%26part%3DAJi8hAMhocidB1c0cItKD6KT8KC_9neEqlD3sNXQB85FG8ZpTahBcAxioZZ65fC7zQ56XUiXY9TZhJBDRZu4XnQUKAVm68KzF3IAal2VddHPbAgruErtF0RqobuIhKW7MbDaVt2ewNnWXGdeEArCBnx271oSMG9fg9cEmiXf9galjFzEkrOmORGbFjS8NndPnphmWpMaVl3JafZP196s8jcHzv0l6FizjUS4X4W6ExPm6Fen1JCv5T6b7_00zEgo0OdF8Ht7Oe284kTCIK-STVyB2YaBnQXPmQdv6CvPkoYLZA4iy6ghFg4aNCNADwsyjvqZhrXRRxmK1LaqH8Lgt-Ds6jL-Gr498L8B2ty-dYrfrf67NRu9DZP64zi8j06n2UzpYKFu2_U4CGX40cEDiIk0yXl5vqCbwCG60wEMmefBU9tUASnXNsE%26flowName%3DGeneralOAuthFlow%26as%3DS1679967092%253A1755619617070192%26client_id%3D366263775281.apps.googleusercontent.com%23&dsh=S1679967092:1755619617070192&flowName=GeneralOAuthLite&o2v=1&opparams=%253F&pstMsg=1&rart=ANgoxce1mQ7E-sqh5nlGb9LUnSYmAxCvgMQZJZYjkbmhQobIO6I2REcC4MFpzDmg_-augyEX0KD4D_o5pABM2Wnebju8UJnQbAwHGgooy6KqI-q-gffw1ro&redirect_uri=https://ticktick.com/sign/google&response_type=token&scope=https://www.googleapis.com/auth/userinfo.profile+https://www.googleapis.com/auth/userinfo.email&service=lso&state=Lw%3D%3D"
2025-08-19 19:09:32 INFO [electron]   "new-window-will-navigate https://accounts.google.com/v3/signin/challenge/pwd?TL=ALgCv6xW2Q95lKxAk7s0JOewcIC-Vl2pVn19exgm90x2oFTgpAmB05GMGu7574a0&app_domain=https://ticktick.com&checkConnection=youtube:178&checkedDomains=youtube&cid=2&client_id=366263775281.apps.googleusercontent.com&continue=https://accounts.google.com/signin/oauth/legacy/consent?authuser%3Dunknown%26part%3DAJi8hAMhocidB1c0cItKD6KT8KC_9neEqlD3sNXQB85FG8ZpTahBcAxioZZ65fC7zQ56XUiXY9TZhJBDRZu4XnQUKAVm68KzF3IAal2VddHPbAgruErtF0RqobuIhKW7MbDaVt2ewNnWXGdeEArCBnx271oSMG9fg9cEmiXf9galjFzEkrOmORGbFjS8NndPnphmWpMaVl3JafZP196s8jcHzv0l6FizjUS4X4W6ExPm6Fen1JCv5T6b7_00zEgo0OdF8Ht7Oe284kTCIK-STVyB2YaBnQXPmQdv6CvPkoYLZA4iy6ghFg4aNCNADwsyjvqZhrXRRxmK1LaqH8Lgt-Ds6jL-Gr498L8B2ty-dYrfrf67NRu9DZP64zi8j06n2UzpYKFu2_U4CGX40cEDiIk0yXl5vqCbwCG60wEMmefBU9tUASnXNsE%26flowName%3DGeneralOAuthFlow%26as%3DS1679967092%253A1755619617070192%26client_id%3D366263775281.apps.googleusercontent.com%23&dsh=S1679967092:1755619617070192&flowName=GeneralOAuthLite&o2v=1&opparams=%253F&pstMsg=1&rart=ANgoxce1mQ7E-sqh5nlGb9LUnSYmAxCvgMQZJZYjkbmhQobIO6I2REcC4MFpzDmg_-augyEX0KD4D_o5pABM2Wnebju8UJnQbAwHGgooy6KqI-q-gffw1ro&redirect_uri=https://ticktick.com/sign/google&response_type=token&scope=https://www.googleapis.com/auth/userinfo.profile+https://www.googleapis.com/auth/userinfo.email&service=lso&state=Lw%3D%3D"
2025-08-19 19:09:33 INFO [electron]   "new-window-will-redirect https://accounts.google.com/v3/signin/challenge/dp?TL=ALgCv6xW2Q95lKxAk7s0JOewcIC-Vl2pVn19exgm90x2oFTgpAmB05GMGu7574a0&app_domain=https://ticktick.com&checkConnection=youtube:178&checkedDomains=youtube&cid=11&client_id=366263775281.apps.googleusercontent.com&continue=https://accounts.google.com/signin/oauth/legacy/consent?authuser%3Dunknown%26part%3DAJi8hAMhocidB1c0cItKD6KT8KC_9neEqlD3sNXQB85FG8ZpTahBcAxioZZ65fC7zQ56XUiXY9TZhJBDRZu4XnQUKAVm68KzF3IAal2VddHPbAgruErtF0RqobuIhKW7MbDaVt2ewNnWXGdeEArCBnx271oSMG9fg9cEmiXf9galjFzEkrOmORGbFjS8NndPnphmWpMaVl3JafZP196s8jcHzv0l6FizjUS4X4W6ExPm6Fen1JCv5T6b7_00zEgo0OdF8Ht7Oe284kTCIK-STVyB2YaBnQXPmQdv6CvPkoYLZA4iy6ghFg4aNCNADwsyjvqZhrXRRxmK1LaqH8Lgt-Ds6jL-Gr498L8B2ty-dYrfrf67NRu9DZP64zi8j06n2UzpYKFu2_U4CGX40cEDiIk0yXl5vqCbwCG60wEMmefBU9tUASnXNsE%26flowName%3DGeneralOAuthFlow%26as%3DS1679967092%253A1755619617070192%26client_id%3D366263775281.apps.googleusercontent.com%23&dsh=S1679967092:1755619617070192&flowName=GeneralOAuthLite&o2v=1&opparams=%253F&pstMsg=1&rart=ANgoxce1mQ7E-sqh5nlGb9LUnSYmAxCvgMQZJZYjkbmhQobIO6I2REcC4MFpzDmg_-augyEX0KD4D_o5pABM2Wnebju8UJnQbAwHGgooy6KqI-q-gffw1ro&redirect_uri=https://ticktick.com/sign/google&response_type=token&scope=https://www.googleapis.com/auth/userinfo.profile+https://www.googleapis.com/auth/userinfo.email&service=lso&state=Lw%3D%3D"
2025-08-19 19:09:56 INFO [electron]   "new-window-will-navigate https://accounts.google.com/v3/signin/challenge/dp?TL=ALgCv6xW2Q95lKxAk7s0JOewcIC-Vl2pVn19exgm90x2oFTgpAmB05GMGu7574a0&app_domain=https://ticktick.com&checkConnection=youtube:178&checkedDomains=youtube&cid=11&client_id=366263775281.apps.googleusercontent.com&continue=https://accounts.google.com/signin/oauth/legacy/consent?authuser%3Dunknown%26part%3DAJi8hAMhocidB1c0cItKD6KT8KC_9neEqlD3sNXQB85FG8ZpTahBcAxioZZ65fC7zQ56XUiXY9TZhJBDRZu4XnQUKAVm68KzF3IAal2VddHPbAgruErtF0RqobuIhKW7MbDaVt2ewNnWXGdeEArCBnx271oSMG9fg9cEmiXf9galjFzEkrOmORGbFjS8NndPnphmWpMaVl3JafZP196s8jcHzv0l6FizjUS4X4W6ExPm6Fen1JCv5T6b7_00zEgo0OdF8Ht7Oe284kTCIK-STVyB2YaBnQXPmQdv6CvPkoYLZA4iy6ghFg4aNCNADwsyjvqZhrXRRxmK1LaqH8Lgt-Ds6jL-Gr498L8B2ty-dYrfrf67NRu9DZP64zi8j06n2UzpYKFu2_U4CGX40cEDiIk0yXl5vqCbwCG60wEMmefBU9tUASnXNsE%26flowName%3DGeneralOAuthFlow%26as%3DS1679967092%253A1755619617070192%26client_id%3D366263775281.apps.googleusercontent.com%23&dsh=S1679967092:1755619617070192&flowName=GeneralOAuthLite&o2v=1&opparams=%253F&pstMsg=1&rart=ANgoxce1mQ7E-sqh5nlGb9LUnSYmAxCvgMQZJZYjkbmhQobIO6I2REcC4MFpzDmg_-augyEX0KD4D_o5pABM2Wnebju8UJnQbAwHGgooy6KqI-q-gffw1ro&redirect_uri=https://ticktick.com/sign/google&response_type=token&scope=https://www.googleapis.com/auth/userinfo.profile+https://www.googleapis.com/auth/userinfo.email&service=lso&state=Lw%3D%3D"
2025-08-19 19:10:05 INFO [electron]   "loginWindow-close"
2025-08-19 19:11:22 INFO [electron]   "before-quit"
2025-08-19 19:11:22 INFO [electron]   "mainWindow-close"
2025-08-19 19:11:22 INFO [electron]   "will-quit"
2025-08-19 19:11:22 INFO [electron]   "quittttt"
