2025-08-17 12:20:14.254 [info] [main] Log level: Info
2025-08-17 12:20:14.254 [info] [main] Validating found git in: "git"
2025-08-17 12:20:14.254 [info] [main] Using git "2.50.1" from "git"
2025-08-17 12:20:14.254 [info] [Model][doInitialScan] Initial repository scan started
2025-08-17 12:20:14.254 [info] [Model][doInitialScan] Initial repository scan completed - repositories (0), closed repositories (0), parent repositories (0), unsafe repositories (0)
2025-08-17 12:25:24.151 [info] [main] Log level: Info
2025-08-17 12:25:24.151 [info] [main] Validating found git in: "git"
2025-08-17 12:25:24.151 [info] [main] Using git "2.50.1" from "git"
2025-08-17 12:25:24.151 [info] [Model][doInitialScan] Initial repository scan started
2025-08-17 12:25:24.151 [info] > git rev-parse --show-toplevel [14ms]
2025-08-17 12:25:24.478 [info] > git rev-parse --git-dir --git-common-dir --show-superproject-working-tree [324ms]
2025-08-17 12:25:24.482 [info] [Model][openRepository] Opened repository (path): /home/byteme6/Docs/krovato-react
2025-08-17 12:25:24.483 [info] [Model][openRepository] Opened repository (real path): /home/byteme6/Docs/krovato-react
2025-08-17 12:25:24.483 [info] [Model][openRepository] Opened repository (kind): repository
2025-08-17 12:25:24.492 [info] > git rev-parse --show-toplevel [3ms]
2025-08-17 12:25:24.493 [info] > git config --get commit.template [4ms]
2025-08-17 12:25:24.497 [info] > git rev-parse --show-toplevel [2ms]
2025-08-17 12:25:24.498 [info] [Model][doInitialScan] Initial repository scan completed - repositories (1), closed repositories (0), parent repositories (0), unsafe repositories (0)
2025-08-17 12:25:24.498 [info] > git for-each-ref --format=%(refname)%00%(upstream:short)%00%(objectname)%00%(upstream:track)%00%(upstream:remotename)%00%(upstream:remoteref) refs/heads/main refs/remotes/main [1ms]
2025-08-17 12:25:24.501 [warning] [Git][revParse] Unable to read file: ENOENT: no such file or directory, open '/home/byteme6/Docs/krovato-react/.git/refs/remotes/origin/main'
2025-08-17 12:25:24.502 [info] > git rev-parse refs/remotes/origin/main [1ms]
2025-08-17 12:25:24.507 [info] > git for-each-ref --sort -committerdate --format %(refname)%00%(objectname)%00%(*objectname) [1ms]
2025-08-17 12:25:24.550 [info] > git status -z -uall [46ms]
2025-08-17 12:25:24.572 [info] > git for-each-ref --format=%(refname)%00%(upstream:short)%00%(objectname)%00%(upstream:track)%00%(upstream:remotename)%00%(upstream:remoteref) refs/heads/main refs/remotes/main [4ms]
2025-08-17 12:25:24.576 [info] > git config --get --local branch.main.vscode-merge-base [0ms]
2025-08-17 12:25:24.576 [warning] [Git][config] git config failed: Failed to execute git
2025-08-17 12:25:24.578 [info] > git config --get commit.template [6ms]
2025-08-17 12:25:24.581 [info] > git reflog main --grep-reflog=branch: Created from *. [3ms]
2025-08-17 12:25:24.584 [info] > git for-each-ref --format=%(refname)%00%(upstream:short)%00%(objectname)%00%(upstream:track)%00%(upstream:remotename)%00%(upstream:remoteref) refs/heads/main refs/remotes/main [3ms]
2025-08-17 12:25:24.587 [warning] [Git][revParse] Unable to read file: ENOENT: no such file or directory, open '/home/byteme6/Docs/krovato-react/.git/refs/remotes/origin/main'
2025-08-17 12:25:24.662 [info] > git symbolic-ref --short refs/remotes/origin/HEAD [79ms]
2025-08-17 12:25:24.680 [info] > git rev-parse refs/remotes/origin/main [93ms]
2025-08-17 12:25:24.693 [info] > git for-each-ref --format=%(refname)%00%(upstream:short)%00%(objectname)%00%(upstream:track)%00%(upstream:remotename)%00%(upstream:remoteref) refs/heads/origin/main refs/remotes/origin/main [25ms]
2025-08-17 12:25:24.696 [info] > git for-each-ref --sort -committerdate --format %(refname)%00%(objectname)%00%(*objectname) [8ms]
2025-08-17 12:25:24.698 [info] > git config --add --local branch.main.vscode-merge-base origin/main [3ms]
2025-08-17 12:25:24.739 [info] > git status -z -uall [55ms] (cancelled)
2025-08-17 12:25:24.740 [info] > git config --get commit.template [2ms]
2025-08-17 12:25:24.764 [info] > git for-each-ref --format=%(refname)%00%(upstream:short)%00%(objectname)%00%(upstream:track)%00%(upstream:remotename)%00%(upstream:remoteref) refs/heads/main refs/remotes/main [22ms]
2025-08-17 12:25:24.767 [warning] [Git][revParse] Unable to read file: ENOENT: no such file or directory, open '/home/byteme6/Docs/krovato-react/.git/refs/remotes/origin/main'
2025-08-17 12:25:24.769 [info] > git rev-parse refs/remotes/origin/main [2ms]
2025-08-17 12:25:24.776 [info] > git for-each-ref --sort -committerdate --format %(refname)%00%(objectname)%00%(*objectname) [3ms]
2025-08-17 12:25:24.816 [info] > git status -z -uall [45ms]
2025-08-17 12:25:24.830 [info] > git merge-base refs/heads/main refs/remotes/origin/main [6ms]
2025-08-17 12:25:24.832 [info] > git merge-base refs/heads/main refs/remotes/origin/main [3ms]
2025-08-17 12:25:24.836 [info] > git diff --name-status -z --diff-filter=ADMR cfced1c0b425010a2f3bad61c107e7e910648f78...refs/remotes/origin/main [4ms]
2025-08-17 12:25:24.837 [info] > git diff --name-status -z --diff-filter=ADMR cfced1c0b425010a2f3bad61c107e7e910648f78...refs/remotes/origin/main [1ms]
2025-08-17 12:25:25.051 [info] > git check-ignore -v -z --stdin [11ms]
2025-08-17 12:25:25.084 [info] > git config --get commit.template [7ms]
2025-08-17 12:25:25.103 [info] > git for-each-ref --format=%(refname)%00%(upstream:short)%00%(objectname)%00%(upstream:track)%00%(upstream:remotename)%00%(upstream:remoteref) refs/heads/main refs/remotes/main [4ms]
2025-08-17 12:25:25.116 [warning] [Git][revParse] Unable to read file: ENOENT: no such file or directory, open '/home/byteme6/Docs/krovato-react/.git/refs/remotes/origin/main'
2025-08-17 12:25:25.117 [info] > git rev-parse refs/remotes/origin/main [1ms]
2025-08-17 12:25:25.156 [info] > git for-each-ref --sort -committerdate --format %(refname)%00%(objectname)%00%(*objectname) [26ms]
2025-08-17 12:25:25.190 [info] > git status -z -uall [67ms]
2025-08-17 12:25:28.471 [info] > git check-ignore -v -z --stdin [2ms]
2025-08-17 12:25:31.460 [info] > git for-each-ref --sort -committerdate --format %(refname)%00%(objectname)%00%(*objectname)%00%(parent)%00%(*parent)%00%(authorname)%00%(*authorname)%00%(committerdate:unix)%00%(*committerdate:unix)%00%(subject)%00%(*subject)%00%(upstream:track) [2ms]
2025-08-17 12:25:32.032 [info] > git for-each-ref --sort -committerdate --format %(refname)%00%(objectname)%00%(*objectname)%00%(parent)%00%(*parent)%00%(authorname)%00%(*authorname)%00%(committerdate:unix)%00%(*committerdate:unix)%00%(subject)%00%(*subject)%00%(upstream:track) [2ms]
2025-08-17 12:25:36.196 [info] > git check-ignore -v -z --stdin [1ms]
2025-08-17 12:25:37.705 [info] > git check-ignore -v -z --stdin [2ms]
2025-08-17 12:25:39.945 [info] > git show --textconv :src/components/Header/Header.jsx [7ms]
2025-08-17 12:25:39.945 [info] > git ls-files --stage -- src/components/Header/Header.jsx [1ms]
2025-08-17 12:25:39.959 [info] > git cat-file -s 01f5657e322fee9aa98accc46459360236f1a59b [1ms]
2025-08-17 12:25:40.038 [info] > git blame --root --incremental cfced1c0b425010a2f3bad61c107e7e910648f78 -- src/components/Header/Header.jsx [7ms]
2025-08-17 12:28:58.265 [info] > git config --get commit.template [0ms]
2025-08-17 12:28:58.276 [info] > git for-each-ref --format=%(refname)%00%(upstream:short)%00%(objectname)%00%(upstream:track)%00%(upstream:remotename)%00%(upstream:remoteref) refs/heads/main refs/remotes/main [2ms]
2025-08-17 12:28:58.284 [warning] [Git][revParse] Unable to read file: ENOENT: no such file or directory, open '/home/byteme6/Docs/krovato-react/.git/refs/remotes/origin/main'
2025-08-17 12:28:58.286 [info] > git rev-parse refs/remotes/origin/main [2ms]
2025-08-17 12:28:58.302 [info] > git for-each-ref --sort -committerdate --format %(refname)%00%(objectname)%00%(*objectname) [1ms]
2025-08-17 12:28:58.346 [info] > git status -z -uall [51ms]
2025-08-17 12:32:17.814 [info] > git config --get commit.template [4ms]
2025-08-17 12:32:17.828 [info] > git for-each-ref --format=%(refname)%00%(upstream:short)%00%(objectname)%00%(upstream:track)%00%(upstream:remotename)%00%(upstream:remoteref) refs/heads/main refs/remotes/main [4ms]
2025-08-17 12:32:17.838 [warning] [Git][revParse] Unable to read file: ENOENT: no such file or directory, open '/home/byteme6/Docs/krovato-react/.git/refs/remotes/origin/main'
2025-08-17 12:32:17.839 [info] > git rev-parse refs/remotes/origin/main [1ms]
2025-08-17 12:32:17.856 [info] > git for-each-ref --sort -committerdate --format %(refname)%00%(objectname)%00%(*objectname) [3ms]
2025-08-17 12:32:17.927 [info] > git status -z -uall [82ms]
