2025-08-17 11:48:43.842 [info] Reading sessions from keychain...
2025-08-17 11:48:43.842 [info] Getting sessions for all scopes...
2025-08-17 11:48:43.842 [info] Got 0 sessions for ...
2025-08-17 11:48:43.842 [info] Getting sessions for all scopes...
2025-08-17 11:48:43.842 [info] Got 0 sessions for ...
2025-08-17 11:48:43.842 [info] Getting sessions for all scopes...
2025-08-17 11:48:43.842 [info] Got 0 sessions for ...
2025-08-17 11:48:43.842 [info] Getting sessions for all scopes...
2025-08-17 11:48:43.842 [info] Got 0 sessions for ...
2025-08-17 11:48:43.842 [info] Getting sessions for all scopes...
2025-08-17 11:48:43.842 [info] Got 0 sessions for ...
2025-08-17 11:48:43.842 [info] Getting sessions for all scopes...
2025-08-17 11:48:43.842 [info] Got 0 sessions for ...
2025-08-17 11:48:43.842 [info] Getting sessions for all scopes...
2025-08-17 11:48:43.842 [info] Got 0 sessions for ...
2025-08-17 11:48:43.842 [info] Getting sessions for all scopes...
2025-08-17 11:48:43.842 [info] Got 0 sessions for ...
2025-08-17 11:48:43.842 [info] Getting sessions for all scopes...
2025-08-17 11:48:43.842 [info] Got 0 sessions for ...
2025-08-17 11:48:43.842 [info] Getting sessions for all scopes...
2025-08-17 11:48:43.842 [info] Got 0 sessions for ...
2025-08-17 11:48:43.842 [info] Getting sessions for all scopes...
2025-08-17 11:48:43.842 [info] Got 0 sessions for ...
2025-08-17 11:48:43.842 [info] Getting sessions for all scopes...
2025-08-17 11:48:43.842 [info] Got 0 sessions for ...
2025-08-17 11:48:43.842 [info] Getting sessions for all scopes...
2025-08-17 11:48:43.842 [info] Got 0 sessions for ...
2025-08-17 11:48:43.842 [info] Getting sessions for all scopes...
2025-08-17 11:48:43.842 [info] Got 0 sessions for ...
2025-08-17 11:48:43.882 [info] Getting sessions for all scopes...
2025-08-17 11:48:43.882 [info] Got 0 sessions for ...
2025-08-17 11:48:45.921 [info] Getting sessions for all scopes...
2025-08-17 11:48:45.921 [info] Got 0 sessions for ...
2025-08-17 11:48:45.922 [info] Getting sessions for all scopes...
2025-08-17 11:48:45.922 [info] Got 0 sessions for ...
2025-08-17 11:48:45.926 [info] Getting sessions for all scopes...
2025-08-17 11:48:45.926 [info] Got 0 sessions for ...
2025-08-17 11:48:51.195 [info] Getting sessions for user:email...
2025-08-17 11:48:51.195 [info] Got 0 sessions for user:email...
2025-08-17 11:48:51.590 [info] Getting sessions for all scopes...
2025-08-17 11:48:51.590 [info] Got 0 sessions for ...
2025-08-17 11:48:55.948 [info] Logging in with 'any' account...
2025-08-17 11:48:55.949 [info] Logging in for the following scopes: user:email
2025-08-17 11:48:56.006 [info] Trying with local server... (user:email)
2025-08-17 11:49:18.135 [info] Exchanging code for token...
2025-08-17 11:49:18.516 [info] Token exchange success!
2025-08-17 11:49:18.517 [info] Getting user info...
2025-08-17 11:49:18.956 [info] Got account info!
2025-08-17 11:49:18.959 [info] Storing 1 sessions...
2025-08-17 11:49:18.967 [info] Reading sessions from keychain...
2025-08-17 11:49:18.967 [info] Stored 1 sessions!
2025-08-17 11:49:18.967 [info] Login success!
2025-08-17 11:49:18.969 [info] Got stored sessions!
2025-08-17 11:49:18.969 [info] Got 1 verified sessions.
2025-08-17 11:49:18.970 [info] Getting sessions for all scopes...
2025-08-17 11:49:18.970 [info] Got 1 sessions for ...
2025-08-17 11:49:18.972 [info] Getting sessions for all scopes...
2025-08-17 11:49:18.972 [info] Got 1 sessions for ...
2025-08-17 11:49:18.975 [info] Getting sessions for user:email...
2025-08-17 11:49:18.975 [info] Got 1 sessions for user:email...
2025-08-17 11:49:18.976 [info] Getting sessions for all scopes...
2025-08-17 11:49:18.976 [info] Got 1 sessions for ...
2025-08-17 11:49:20.951 [info] Getting sessions for all scopes...
2025-08-17 11:49:20.951 [info] Got 1 sessions for ...
2025-08-17 11:49:39.867 [info] Getting sessions for all scopes...
2025-08-17 11:49:39.867 [info] Got 1 sessions for ...
2025-08-17 11:49:39.881 [info] Getting sessions for all scopes...
2025-08-17 11:49:39.881 [info] Got 1 sessions for ...
2025-08-17 11:49:39.881 [info] Getting sessions for all scopes...
2025-08-17 11:49:39.881 [info] Got 1 sessions for ...
2025-08-17 11:49:40.156 [info] Getting sessions for read:user,repo,user:email,workflow...
2025-08-17 11:49:40.156 [info] Got 0 sessions for read:user,repo,user:email,workflow...
2025-08-17 11:49:40.156 [info] Getting sessions for all scopes...
2025-08-17 11:49:40.156 [info] Got 1 sessions for ...
2025-08-17 11:49:40.330 [info] Getting sessions for all scopes...
2025-08-17 11:49:40.330 [info] Got 1 sessions for ...
2025-08-17 11:49:40.340 [info] Getting sessions for read:user,repo,user:email,workflow...
2025-08-17 11:49:40.340 [info] Got 0 sessions for read:user,repo,user:email,workflow...
2025-08-17 11:49:40.358 [info] Getting sessions for user:email...
2025-08-17 11:49:40.358 [info] Got 1 sessions for user:email...
2025-08-17 11:49:40.358 [info] Getting sessions for read:user,repo,user:email,workflow...
2025-08-17 11:49:40.358 [info] Got 0 sessions for read:user,repo,user:email,workflow...
2025-08-17 11:49:40.366 [info] Getting sessions for read:user...
2025-08-17 11:49:40.366 [info] Got 0 sessions for read:user...
2025-08-17 11:49:40.366 [info] Getting sessions for all scopes...
2025-08-17 11:49:40.367 [info] Got 1 sessions for ...
2025-08-17 11:49:40.367 [info] Getting sessions for all scopes...
2025-08-17 11:49:40.367 [info] Got 1 sessions for ...
2025-08-17 11:49:40.367 [info] Getting sessions for all scopes...
2025-08-17 11:49:40.367 [info] Got 1 sessions for ...
2025-08-17 11:49:40.368 [info] Getting sessions for user:email...
2025-08-17 11:49:40.368 [info] Got 1 sessions for user:email...
2025-08-17 11:49:40.373 [info] Getting sessions for read:user,repo,user:email,workflow...
2025-08-17 11:49:40.373 [info] Got 0 sessions for read:user,repo,user:email,workflow...
2025-08-17 11:49:40.376 [info] Getting sessions for user:email...
2025-08-17 11:49:40.376 [info] Got 1 sessions for user:email...
2025-08-17 11:49:40.676 [info] Getting sessions for all scopes...
2025-08-17 11:49:40.676 [info] Got 1 sessions for ...
2025-08-17 11:49:40.680 [info] Getting sessions for read:user,repo,user:email,workflow...
2025-08-17 11:49:40.680 [info] Got 0 sessions for read:user,repo,user:email,workflow...
2025-08-17 11:49:40.682 [info] Getting sessions for user:email...
2025-08-17 11:49:40.682 [info] Got 1 sessions for user:email...
2025-08-17 11:49:41.289 [info] Getting sessions for all scopes...
2025-08-17 11:49:41.289 [info] Got 1 sessions for ...
2025-08-17 11:49:41.289 [info] Getting sessions for all scopes...
2025-08-17 11:49:41.289 [info] Got 1 sessions for ...
2025-08-17 11:49:41.305 [info] Getting sessions for read:user,repo,user:email,workflow...
2025-08-17 11:49:41.305 [info] Got 0 sessions for read:user,repo,user:email,workflow...
2025-08-17 11:49:41.306 [info] Getting sessions for user:email...
2025-08-17 11:49:41.306 [info] Got 1 sessions for user:email...
2025-08-17 11:49:41.306 [info] Getting sessions for read:user,repo,user:email,workflow...
2025-08-17 11:49:41.306 [info] Got 0 sessions for read:user,repo,user:email,workflow...
2025-08-17 11:49:41.308 [info] Getting sessions for all scopes...
2025-08-17 11:49:41.308 [info] Got 1 sessions for ...
2025-08-17 11:49:41.309 [info] Getting sessions for read:user,repo,user:email,workflow...
2025-08-17 11:49:41.309 [info] Got 0 sessions for read:user,repo,user:email,workflow...
2025-08-17 11:49:41.310 [info] Getting sessions for user:email...
2025-08-17 11:49:41.310 [info] Got 1 sessions for user:email...
2025-08-17 11:49:41.374 [info] Getting sessions for all scopes...
2025-08-17 11:49:41.374 [info] Got 1 sessions for ...
2025-08-17 11:49:41.374 [info] Getting sessions for all scopes...
2025-08-17 11:49:41.374 [info] Got 1 sessions for ...
2025-08-17 11:49:41.378 [info] Getting sessions for read:user,repo,user:email,workflow...
2025-08-17 11:49:41.378 [info] Got 0 sessions for read:user,repo,user:email,workflow...
2025-08-17 11:49:41.382 [info] Getting sessions for user:email...
2025-08-17 11:49:41.382 [info] Got 1 sessions for user:email...
2025-08-17 11:49:41.383 [info] Getting sessions for read:user,repo,user:email,workflow...
2025-08-17 11:49:41.383 [info] Got 0 sessions for read:user,repo,user:email,workflow...
2025-08-17 11:49:41.387 [info] Getting sessions for all scopes...
2025-08-17 11:49:41.387 [info] Got 1 sessions for ...
2025-08-17 11:49:41.387 [info] Getting sessions for all scopes...
2025-08-17 11:49:41.387 [info] Got 1 sessions for ...
2025-08-17 11:49:41.392 [info] Getting sessions for all scopes...
2025-08-17 11:49:41.392 [info] Got 1 sessions for ...
2025-08-17 11:49:41.393 [info] Getting sessions for read:user,repo,user:email,workflow...
2025-08-17 11:49:41.393 [info] Got 0 sessions for read:user,repo,user:email,workflow...
2025-08-17 11:49:41.393 [info] Getting sessions for user:email...
2025-08-17 11:49:41.393 [info] Got 1 sessions for user:email...
2025-08-17 11:49:42.430 [info] Getting sessions for all scopes...
2025-08-17 11:49:42.430 [info] Got 1 sessions for ...
2025-08-17 11:49:47.036 [info] Getting sessions for all scopes...
2025-08-17 11:49:47.036 [info] Got 1 sessions for ...
2025-08-17 11:49:47.039 [info] Getting sessions for read:user,repo,user:email,workflow...
2025-08-17 11:49:47.039 [info] Got 0 sessions for read:user,repo,user:email,workflow...
2025-08-17 11:49:47.041 [info] Getting sessions for user:email...
2025-08-17 11:49:47.041 [info] Got 1 sessions for user:email...
2025-08-17 11:49:47.560 [info] Getting sessions for all scopes...
2025-08-17 11:49:47.560 [info] Got 1 sessions for ...
2025-08-17 11:49:47.565 [info] Getting sessions for read:user,repo,user:email,workflow...
2025-08-17 11:49:47.565 [info] Got 0 sessions for read:user,repo,user:email,workflow...
2025-08-17 11:49:47.567 [info] Getting sessions for user:email...
2025-08-17 11:49:47.567 [info] Got 1 sessions for user:email...
2025-08-17 11:49:48.151 [info] Getting sessions for all scopes...
2025-08-17 11:49:48.151 [info] Got 1 sessions for ...
2025-08-17 11:49:48.153 [info] Getting sessions for read:user,repo,user:email,workflow...
2025-08-17 11:49:48.153 [info] Got 0 sessions for read:user,repo,user:email,workflow...
2025-08-17 11:49:48.155 [info] Getting sessions for user:email...
2025-08-17 11:49:48.155 [info] Got 1 sessions for user:email...
2025-08-17 11:50:11.554 [info] Getting sessions for all scopes...
2025-08-17 11:50:11.554 [info] Got 1 sessions for ...
2025-08-17 11:50:11.693 [info] Getting sessions for all scopes...
2025-08-17 11:50:11.693 [info] Got 1 sessions for ...
2025-08-17 11:50:11.878 [info] Getting sessions for all scopes...
2025-08-17 11:50:11.878 [info] Got 1 sessions for ...
2025-08-17 11:50:12.367 [info] Getting sessions for all scopes...
2025-08-17 11:50:12.367 [info] Got 1 sessions for ...
2025-08-17 11:50:12.919 [info] Getting sessions for all scopes...
2025-08-17 11:50:12.919 [info] Got 1 sessions for ...
2025-08-17 11:50:13.685 [info] Getting sessions for all scopes...
2025-08-17 11:50:13.685 [info] Got 1 sessions for ...
2025-08-17 11:50:28.685 [info] Getting sessions for all scopes...
2025-08-17 11:50:28.685 [info] Got 1 sessions for ...
