2025-08-17 12:20:14.168 [info] Reading sessions from keychain...
2025-08-17 12:20:14.168 [info] Getting sessions for all scopes...
2025-08-17 12:20:14.172 [info] Got stored sessions!
2025-08-17 12:20:14.172 [info] Got 1 verified sessions.
2025-08-17 12:20:14.172 [info] Got 1 sessions for ...
2025-08-17 12:20:14.172 [info] Getting sessions for all scopes...
2025-08-17 12:20:14.172 [info] Got 1 sessions for ...
2025-08-17 12:20:14.172 [info] Getting sessions for all scopes...
2025-08-17 12:20:14.172 [info] Got 1 sessions for ...
2025-08-17 12:20:14.172 [info] Getting sessions for user:email...
2025-08-17 12:20:14.172 [info] Got 1 sessions for user:email...
2025-08-17 12:20:14.172 [info] Getting sessions for all scopes...
2025-08-17 12:20:14.172 [info] Got 1 sessions for ...
2025-08-17 12:20:14.172 [info] Getting sessions for all scopes...
2025-08-17 12:20:14.172 [info] Got 1 sessions for ...
2025-08-17 12:20:14.172 [info] Getting sessions for all scopes...
2025-08-17 12:20:14.172 [info] Got 1 sessions for ...
2025-08-17 12:20:14.172 [info] Getting sessions for all scopes...
2025-08-17 12:20:14.172 [info] Got 1 sessions for ...
2025-08-17 12:20:14.172 [info] Getting sessions for all scopes...
2025-08-17 12:20:14.172 [info] Got 1 sessions for ...
2025-08-17 12:20:14.196 [info] Getting sessions for all scopes...
2025-08-17 12:20:14.196 [info] Got 1 sessions for ...
2025-08-17 12:20:14.196 [info] Getting sessions for all scopes...
2025-08-17 12:20:14.196 [info] Got 1 sessions for ...
2025-08-17 12:20:14.196 [info] Getting sessions for all scopes...
2025-08-17 12:20:14.196 [info] Got 1 sessions for ...
2025-08-17 12:20:14.196 [info] Getting sessions for all scopes...
2025-08-17 12:20:14.196 [info] Got 1 sessions for ...
2025-08-17 12:20:14.196 [info] Getting sessions for all scopes...
2025-08-17 12:20:14.196 [info] Got 1 sessions for ...
2025-08-17 12:20:14.196 [info] Getting sessions for all scopes...
2025-08-17 12:20:14.196 [info] Got 1 sessions for ...
2025-08-17 12:20:14.209 [info] Getting sessions for all scopes...
2025-08-17 12:20:14.209 [info] Got 1 sessions for ...
2025-08-17 12:20:14.212 [info] Getting sessions for all scopes...
2025-08-17 12:20:14.212 [info] Got 1 sessions for ...
2025-08-17 12:20:15.374 [info] Getting sessions for all scopes...
2025-08-17 12:20:15.374 [info] Got 1 sessions for ...
2025-08-17 12:20:15.500 [info] Getting sessions for all scopes...
2025-08-17 12:20:15.500 [info] Got 1 sessions for ...
2025-08-17 12:20:15.500 [info] Getting sessions for all scopes...
2025-08-17 12:20:15.500 [info] Got 1 sessions for ...
2025-08-17 12:20:15.816 [info] Getting sessions for all scopes...
2025-08-17 12:20:15.816 [info] Got 1 sessions for ...
2025-08-17 12:20:15.819 [info] Getting sessions for read:user,repo,user:email,workflow...
2025-08-17 12:20:15.819 [info] Got 0 sessions for read:user,repo,user:email,workflow...
2025-08-17 12:20:15.819 [info] Getting sessions for all scopes...
2025-08-17 12:20:15.819 [info] Got 1 sessions for ...
2025-08-17 12:20:15.819 [info] Getting sessions for read:user,repo,user:email,workflow...
2025-08-17 12:20:15.819 [info] Got 0 sessions for read:user,repo,user:email,workflow...
2025-08-17 12:20:15.823 [info] Getting sessions for user:email...
2025-08-17 12:20:15.823 [info] Got 1 sessions for user:email...
2025-08-17 12:20:15.823 [info] Getting sessions for read:user,repo,user:email,workflow...
2025-08-17 12:20:15.823 [info] Got 0 sessions for read:user,repo,user:email,workflow...
2025-08-17 12:20:15.823 [info] Getting sessions for read:user...
2025-08-17 12:20:15.823 [info] Got 0 sessions for read:user...
2025-08-17 12:20:15.825 [info] Getting sessions for all scopes...
2025-08-17 12:20:15.825 [info] Got 1 sessions for ...
2025-08-17 12:20:15.825 [info] Getting sessions for user:email...
2025-08-17 12:20:15.825 [info] Got 1 sessions for user:email...
2025-08-17 12:20:15.827 [info] Getting sessions for read:user,repo,user:email,workflow...
2025-08-17 12:20:15.827 [info] Got 0 sessions for read:user,repo,user:email,workflow...
2025-08-17 12:20:15.828 [info] Getting sessions for user:email...
2025-08-17 12:20:15.828 [info] Got 1 sessions for user:email...
2025-08-17 12:20:15.900 [info] Getting sessions for all scopes...
2025-08-17 12:20:15.900 [info] Got 1 sessions for ...
2025-08-17 12:20:15.900 [info] Getting sessions for read:user,repo,user:email,workflow...
2025-08-17 12:20:15.900 [info] Got 0 sessions for read:user,repo,user:email,workflow...
2025-08-17 12:20:15.901 [info] Getting sessions for user:email...
2025-08-17 12:20:15.901 [info] Got 1 sessions for user:email...
2025-08-17 12:20:16.145 [info] Getting sessions for all scopes...
2025-08-17 12:20:16.145 [info] Got 1 sessions for ...
2025-08-17 12:20:16.175 [info] Getting sessions for read:user,repo,user:email,workflow...
2025-08-17 12:20:16.175 [info] Got 0 sessions for read:user,repo,user:email,workflow...
2025-08-17 12:20:16.199 [info] Getting sessions for user:email...
2025-08-17 12:20:16.199 [info] Got 1 sessions for user:email...
2025-08-17 12:20:16.208 [info] Getting sessions for all scopes...
2025-08-17 12:20:16.208 [info] Got 1 sessions for ...
2025-08-17 12:20:16.208 [info] Getting sessions for all scopes...
2025-08-17 12:20:16.208 [info] Got 1 sessions for ...
2025-08-17 12:20:16.213 [info] Getting sessions for all scopes...
2025-08-17 12:20:16.213 [info] Got 1 sessions for ...
2025-08-17 12:20:16.222 [info] Getting sessions for all scopes...
2025-08-17 12:20:16.222 [info] Got 1 sessions for ...
2025-08-17 12:20:16.432 [info] Getting sessions for all scopes...
2025-08-17 12:20:16.432 [info] Got 1 sessions for ...
2025-08-17 12:20:16.433 [info] Getting sessions for read:user,repo,user:email,workflow...
2025-08-17 12:20:16.433 [info] Got 0 sessions for read:user,repo,user:email,workflow...
2025-08-17 12:20:16.437 [info] Getting sessions for user:email...
2025-08-17 12:20:16.437 [info] Got 1 sessions for user:email...
2025-08-17 12:20:16.758 [info] Getting sessions for all scopes...
2025-08-17 12:20:16.758 [info] Got 1 sessions for ...
2025-08-17 12:20:16.759 [info] Getting sessions for all scopes...
2025-08-17 12:20:16.759 [info] Got 1 sessions for ...
2025-08-17 12:20:16.778 [info] Getting sessions for read:user,repo,user:email,workflow...
2025-08-17 12:20:16.778 [info] Got 0 sessions for read:user,repo,user:email,workflow...
2025-08-17 12:20:16.779 [info] Getting sessions for user:email...
2025-08-17 12:20:16.779 [info] Got 1 sessions for user:email...
2025-08-17 12:20:16.779 [info] Getting sessions for read:user,repo,user:email,workflow...
2025-08-17 12:20:16.779 [info] Got 0 sessions for read:user,repo,user:email,workflow...
2025-08-17 12:20:16.781 [info] Getting sessions for all scopes...
2025-08-17 12:20:16.781 [info] Got 1 sessions for ...
2025-08-17 12:20:16.782 [info] Getting sessions for read:user,repo,user:email,workflow...
2025-08-17 12:20:16.782 [info] Got 0 sessions for read:user,repo,user:email,workflow...
2025-08-17 12:20:16.783 [info] Getting sessions for user:email...
2025-08-17 12:20:16.783 [info] Got 1 sessions for user:email...
2025-08-17 12:20:16.874 [info] Getting sessions for all scopes...
2025-08-17 12:20:16.874 [info] Got 1 sessions for ...
2025-08-17 12:20:16.874 [info] Getting sessions for all scopes...
2025-08-17 12:20:16.874 [info] Got 1 sessions for ...
2025-08-17 12:20:16.875 [info] Getting sessions for read:user,repo,user:email,workflow...
2025-08-17 12:20:16.875 [info] Got 0 sessions for read:user,repo,user:email,workflow...
2025-08-17 12:20:16.876 [info] Getting sessions for user:email...
2025-08-17 12:20:16.876 [info] Got 1 sessions for user:email...
2025-08-17 12:20:16.876 [info] Getting sessions for read:user,repo,user:email,workflow...
2025-08-17 12:20:16.876 [info] Got 0 sessions for read:user,repo,user:email,workflow...
2025-08-17 12:20:16.878 [info] Getting sessions for all scopes...
2025-08-17 12:20:16.878 [info] Got 1 sessions for ...
2025-08-17 12:20:16.878 [info] Getting sessions for all scopes...
2025-08-17 12:20:16.878 [info] Got 1 sessions for ...
2025-08-17 12:20:16.878 [info] Getting sessions for all scopes...
2025-08-17 12:20:16.878 [info] Got 1 sessions for ...
2025-08-17 12:20:16.879 [info] Getting sessions for read:user,repo,user:email,workflow...
2025-08-17 12:20:16.879 [info] Got 0 sessions for read:user,repo,user:email,workflow...
2025-08-17 12:20:16.880 [info] Getting sessions for user:email...
2025-08-17 12:20:16.880 [info] Got 1 sessions for user:email...
2025-08-17 12:20:17.806 [info] Getting sessions for all scopes...
2025-08-17 12:20:17.806 [info] Got 1 sessions for ...
2025-08-17 12:25:19.445 [info] Reading sessions from keychain...
2025-08-17 12:25:19.445 [info] Getting sessions for all scopes...
2025-08-17 12:25:19.466 [info] Got stored sessions!
2025-08-17 12:25:19.466 [info] Got 1 verified sessions.
2025-08-17 12:25:19.466 [info] Got 1 sessions for ...
2025-08-17 12:25:19.466 [info] Getting sessions for all scopes...
2025-08-17 12:25:19.466 [info] Got 1 sessions for ...
2025-08-17 12:25:19.466 [info] Getting sessions for all scopes...
2025-08-17 12:25:19.466 [info] Got 1 sessions for ...
2025-08-17 12:25:19.466 [info] Getting sessions for all scopes...
2025-08-17 12:25:19.466 [info] Got 1 sessions for ...
2025-08-17 12:25:19.466 [info] Getting sessions for user:email...
2025-08-17 12:25:19.466 [info] Got 1 sessions for user:email...
2025-08-17 12:25:19.468 [info] Getting sessions for all scopes...
2025-08-17 12:25:19.468 [info] Got 1 sessions for ...
2025-08-17 12:25:19.468 [info] Getting sessions for all scopes...
2025-08-17 12:25:19.468 [info] Got 1 sessions for ...
2025-08-17 12:25:19.468 [info] Getting sessions for all scopes...
2025-08-17 12:25:19.468 [info] Got 1 sessions for ...
2025-08-17 12:25:19.468 [info] Getting sessions for all scopes...
2025-08-17 12:25:19.468 [info] Got 1 sessions for ...
2025-08-17 12:25:19.468 [info] Getting sessions for all scopes...
2025-08-17 12:25:19.468 [info] Got 1 sessions for ...
2025-08-17 12:25:19.496 [info] Getting sessions for all scopes...
2025-08-17 12:25:19.496 [info] Got 1 sessions for ...
2025-08-17 12:25:19.496 [info] Getting sessions for all scopes...
2025-08-17 12:25:19.496 [info] Got 1 sessions for ...
2025-08-17 12:25:19.496 [info] Getting sessions for all scopes...
2025-08-17 12:25:19.496 [info] Got 1 sessions for ...
2025-08-17 12:25:19.496 [info] Getting sessions for all scopes...
2025-08-17 12:25:19.496 [info] Got 1 sessions for ...
2025-08-17 12:25:19.496 [info] Getting sessions for all scopes...
2025-08-17 12:25:19.496 [info] Got 1 sessions for ...
2025-08-17 12:25:19.496 [info] Getting sessions for all scopes...
2025-08-17 12:25:19.496 [info] Got 1 sessions for ...
2025-08-17 12:25:19.572 [info] Getting sessions for all scopes...
2025-08-17 12:25:19.572 [info] Got 1 sessions for ...
2025-08-17 12:25:19.611 [info] Getting sessions for all scopes...
2025-08-17 12:25:19.611 [info] Got 1 sessions for ...
2025-08-17 12:25:19.637 [info] Getting sessions for all scopes...
2025-08-17 12:25:19.637 [info] Got 1 sessions for ...
2025-08-17 12:25:21.714 [info] Getting sessions for all scopes...
2025-08-17 12:25:21.714 [info] Got 1 sessions for ...
2025-08-17 12:25:21.737 [info] Getting sessions for all scopes...
2025-08-17 12:25:21.737 [info] Got 1 sessions for ...
2025-08-17 12:25:21.739 [info] Getting sessions for all scopes...
2025-08-17 12:25:21.739 [info] Got 1 sessions for ...
2025-08-17 12:25:21.741 [info] Getting sessions for all scopes...
2025-08-17 12:25:21.741 [info] Got 1 sessions for ...
2025-08-17 12:25:24.023 [info] Getting sessions for all scopes...
2025-08-17 12:25:24.023 [info] Got 1 sessions for ...
2025-08-17 12:25:24.039 [info] Getting sessions for all scopes...
2025-08-17 12:25:24.039 [info] Got 1 sessions for ...
2025-08-17 12:25:24.483 [info] Getting sessions for all scopes...
2025-08-17 12:25:24.483 [info] Got 1 sessions for ...
2025-08-17 12:25:24.484 [info] Getting sessions for all scopes...
2025-08-17 12:25:24.484 [info] Got 1 sessions for ...
2025-08-17 12:25:24.490 [info] Getting sessions for all scopes...
2025-08-17 12:25:24.490 [info] Got 1 sessions for ...
2025-08-17 12:25:24.517 [info] Getting sessions for all scopes...
2025-08-17 12:25:24.517 [info] Got 1 sessions for ...
2025-08-17 12:25:24.517 [info] Getting sessions for read:user,repo,user:email,workflow...
2025-08-17 12:25:24.517 [info] Got 0 sessions for read:user,repo,user:email,workflow...
2025-08-17 12:25:24.533 [info] Getting sessions for read:user,repo,user:email,workflow...
2025-08-17 12:25:24.534 [info] Got 0 sessions for read:user,repo,user:email,workflow...
2025-08-17 12:25:24.534 [info] Getting sessions for read:user...
2025-08-17 12:25:24.534 [info] Got 0 sessions for read:user...
2025-08-17 12:25:24.542 [info] Getting sessions for user:email...
2025-08-17 12:25:24.542 [info] Got 1 sessions for user:email...
2025-08-17 12:25:24.542 [info] Getting sessions for read:user,repo,user:email,workflow...
2025-08-17 12:25:24.542 [info] Got 0 sessions for read:user,repo,user:email,workflow...
2025-08-17 12:25:24.543 [info] Getting sessions for user:email...
2025-08-17 12:25:24.543 [info] Got 1 sessions for user:email...
2025-08-17 12:25:24.570 [info] Getting sessions for all scopes...
2025-08-17 12:25:24.570 [info] Got 1 sessions for ...
2025-08-17 12:25:24.579 [info] Getting sessions for read:user,repo,user:email,workflow...
2025-08-17 12:25:24.579 [info] Got 0 sessions for read:user,repo,user:email,workflow...
2025-08-17 12:25:24.689 [info] Getting sessions for read:user,repo,user:email,workflow...
2025-08-17 12:25:24.690 [info] Got 0 sessions for read:user,repo,user:email,workflow...
2025-08-17 12:25:24.740 [info] Getting sessions for user:email...
2025-08-17 12:25:24.740 [info] Got 1 sessions for user:email...
2025-08-17 12:25:24.773 [info] Getting sessions for all scopes...
2025-08-17 12:25:24.773 [info] Got 1 sessions for ...
2025-08-17 12:25:24.776 [info] Getting sessions for read:user,repo,user:email,workflow...
2025-08-17 12:25:24.776 [info] Got 0 sessions for read:user,repo,user:email,workflow...
2025-08-17 12:25:24.777 [info] Getting sessions for user:email...
2025-08-17 12:25:24.777 [info] Got 1 sessions for user:email...
2025-08-17 12:25:25.109 [info] Getting sessions for all scopes...
2025-08-17 12:25:25.109 [info] Got 1 sessions for ...
2025-08-17 12:25:25.157 [info] Getting sessions for all scopes...
2025-08-17 12:25:25.157 [info] Got 1 sessions for ...
2025-08-17 12:25:25.158 [info] Getting sessions for read:user,repo,user:email,workflow...
2025-08-17 12:25:25.158 [info] Got 0 sessions for read:user,repo,user:email,workflow...
2025-08-17 12:25:25.158 [info] Getting sessions for user:email...
2025-08-17 12:25:25.158 [info] Got 1 sessions for user:email...
2025-08-17 12:25:25.197 [info] Getting sessions for all scopes...
2025-08-17 12:25:25.197 [info] Got 1 sessions for ...
2025-08-17 12:25:25.198 [info] Getting sessions for read:user,repo,user:email,workflow...
2025-08-17 12:25:25.198 [info] Got 0 sessions for read:user,repo,user:email,workflow...
2025-08-17 12:25:25.199 [info] Getting sessions for read:user,repo,user:email,workflow...
2025-08-17 12:25:25.199 [info] Got 0 sessions for read:user,repo,user:email,workflow...
2025-08-17 12:25:25.200 [info] Getting sessions for all scopes...
2025-08-17 12:25:25.200 [info] Got 1 sessions for ...
2025-08-17 12:25:25.201 [info] Getting sessions for read:user,repo,user:email,workflow...
2025-08-17 12:25:25.201 [info] Got 0 sessions for read:user,repo,user:email,workflow...
2025-08-17 12:25:25.201 [info] Getting sessions for user:email...
2025-08-17 12:25:25.201 [info] Got 1 sessions for user:email...
2025-08-17 12:25:25.655 [info] Getting sessions for all scopes...
2025-08-17 12:25:25.655 [info] Got 1 sessions for ...
2025-08-17 12:25:25.655 [info] Getting sessions for all scopes...
2025-08-17 12:25:25.655 [info] Got 1 sessions for ...
2025-08-17 12:25:25.676 [info] Getting sessions for read:user,repo,user:email,workflow...
2025-08-17 12:25:25.676 [info] Got 0 sessions for read:user,repo,user:email,workflow...
2025-08-17 12:25:25.677 [info] Getting sessions for user:email...
2025-08-17 12:25:25.677 [info] Got 1 sessions for user:email...
2025-08-17 12:25:25.677 [info] Getting sessions for read:user,repo,user:email,workflow...
2025-08-17 12:25:25.677 [info] Got 0 sessions for read:user,repo,user:email,workflow...
2025-08-17 12:25:25.680 [info] Getting sessions for all scopes...
2025-08-17 12:25:25.680 [info] Got 1 sessions for ...
2025-08-17 12:25:25.682 [info] Getting sessions for read:user,repo,user:email,workflow...
2025-08-17 12:25:25.682 [info] Got 0 sessions for read:user,repo,user:email,workflow...
2025-08-17 12:25:25.683 [info] Getting sessions for user:email...
2025-08-17 12:25:25.683 [info] Got 1 sessions for user:email...
2025-08-17 12:25:25.764 [info] Getting sessions for all scopes...
2025-08-17 12:25:25.764 [info] Got 1 sessions for ...
2025-08-17 12:25:25.765 [info] Getting sessions for all scopes...
2025-08-17 12:25:25.765 [info] Got 1 sessions for ...
2025-08-17 12:25:25.769 [info] Getting sessions for read:user,repo,user:email,workflow...
2025-08-17 12:25:25.769 [info] Got 0 sessions for read:user,repo,user:email,workflow...
2025-08-17 12:25:25.769 [info] Getting sessions for user:email...
2025-08-17 12:25:25.769 [info] Got 1 sessions for user:email...
2025-08-17 12:25:25.769 [info] Getting sessions for read:user,repo,user:email,workflow...
2025-08-17 12:25:25.769 [info] Got 0 sessions for read:user,repo,user:email,workflow...
2025-08-17 12:25:25.775 [info] Getting sessions for all scopes...
2025-08-17 12:25:25.775 [info] Got 1 sessions for ...
2025-08-17 12:25:25.777 [info] Getting sessions for all scopes...
2025-08-17 12:25:25.777 [info] Got 1 sessions for ...
2025-08-17 12:25:25.778 [info] Getting sessions for all scopes...
2025-08-17 12:25:25.778 [info] Got 1 sessions for ...
2025-08-17 12:25:25.779 [info] Getting sessions for read:user,repo,user:email,workflow...
2025-08-17 12:25:25.779 [info] Got 0 sessions for read:user,repo,user:email,workflow...
2025-08-17 12:25:25.780 [info] Getting sessions for user:email...
2025-08-17 12:25:25.780 [info] Got 1 sessions for user:email...
2025-08-17 12:25:26.589 [info] Getting sessions for all scopes...
2025-08-17 12:25:26.589 [info] Got 1 sessions for ...
